<?xml version="1.0" encoding="UTF-8"?>
<testng-results ignored="0" total="6" passed="5" failed="1" skipped="0">
  <reporter-output>
  </reporter-output>
  <suite started-at="2022-07-25T10:23:38 IST" name="Suite" finished-at="2022-07-25T10:24:34 IST" duration-ms="56072">
    <groups>
    </groups>
    <test started-at="2022-07-25T10:23:38 IST" name="Test" finished-at="2022-07-25T10:24:34 IST" duration-ms="56072">
      <class name="com.TestVagrant.Tests.wikiDataTest">
        <test-method is-config="true" signature="setUp(java.lang.String)[pri:0, instance:com.TestVagrant.Tests.wikiDataTest@3ce1e309]" started-at="2022-07-25T10:23:38 IST" name="setUp" finished-at="2022-07-25T10:23:44 IST" duration-ms="6231" status="PASS">
          <params>
            <param index="0">
              <value>
                <![CDATA[Chrome]]>
              </value>
            </param>
          </params>
          <reporter-output>
          </reporter-output>
        </test-method> <!-- setUp -->
        <test-method signature="validatewikiCountryNameTest()[pri:1, instance:com.TestVagrant.Tests.wikiDataTest@3ce1e309]" started-at="2022-07-25T10:23:44 IST" name="validatewikiCountryNameTest" finished-at="2022-07-25T10:23:44 IST" duration-ms="127" status="PASS">
          <reporter-output>
          </reporter-output>
        </test-method> <!-- validatewikiCountryNameTest -->
        <test-method is-config="true" signature="tearDown()[pri:0, instance:com.TestVagrant.Tests.wikiDataTest@3ce1e309]" started-at="2022-07-25T10:23:44 IST" name="tearDown" finished-at="2022-07-25T10:23:45 IST" duration-ms="721" status="PASS">
          <reporter-output>
          </reporter-output>
        </test-method> <!-- tearDown -->
        <test-method is-config="true" signature="setUp(java.lang.String)[pri:0, instance:com.TestVagrant.Tests.wikiDataTest@3ce1e309]" started-at="2022-07-25T10:23:45 IST" name="setUp" finished-at="2022-07-25T10:23:49 IST" duration-ms="4400" status="PASS">
          <params>
            <param index="0">
              <value>
                <![CDATA[Chrome]]>
              </value>
            </param>
          </params>
          <reporter-output>
          </reporter-output>
        </test-method> <!-- setUp -->
        <test-method signature="validatewikiReleaseDateTest()[pri:2, instance:com.TestVagrant.Tests.wikiDataTest@3ce1e309]" started-at="2022-07-25T10:23:49 IST" name="validatewikiReleaseDateTest" finished-at="2022-07-25T10:23:49 IST" duration-ms="114" status="PASS">
          <reporter-output>
          </reporter-output>
        </test-method> <!-- validatewikiReleaseDateTest -->
        <test-method is-config="true" signature="tearDown()[pri:0, instance:com.TestVagrant.Tests.wikiDataTest@3ce1e309]" started-at="2022-07-25T10:23:49 IST" name="tearDown" finished-at="2022-07-25T10:23:50 IST" duration-ms="683" status="PASS">
          <reporter-output>
          </reporter-output>
        </test-method> <!-- tearDown -->
      </class> <!-- com.TestVagrant.Tests.wikiDataTest -->
      <class name="com.TestVagrant.Tests.imdbDataTest">
        <test-method is-config="true" signature="setUp(java.lang.String)[pri:0, instance:com.TestVagrant.Tests.imdbDataTest@49ec71f8]" started-at="2022-07-25T10:23:50 IST" name="setUp" finished-at="2022-07-25T10:23:59 IST" duration-ms="9124" status="PASS">
          <params>
            <param index="0">
              <value>
                <![CDATA[Chrome]]>
              </value>
            </param>
          </params>
          <reporter-output>
          </reporter-output>
        </test-method> <!-- setUp -->
        <test-method signature="validateCountryNameTest()[pri:1, instance:com.TestVagrant.Tests.imdbDataTest@49ec71f8]" started-at="2022-07-25T10:23:59 IST" name="validateCountryNameTest" finished-at="2022-07-25T10:23:59 IST" duration-ms="68" status="PASS">
          <reporter-output>
          </reporter-output>
        </test-method> <!-- validateCountryNameTest -->
        <test-method is-config="true" signature="tearDown()[pri:0, instance:com.TestVagrant.Tests.imdbDataTest@49ec71f8]" started-at="2022-07-25T10:23:59 IST" name="tearDown" finished-at="2022-07-25T10:24:00 IST" duration-ms="785" status="PASS">
          <reporter-output>
          </reporter-output>
        </test-method> <!-- tearDown -->
        <test-method is-config="true" signature="setUp(java.lang.String)[pri:0, instance:com.TestVagrant.Tests.imdbDataTest@49ec71f8]" started-at="2022-07-25T10:24:00 IST" name="setUp" finished-at="2022-07-25T10:24:08 IST" duration-ms="8281" status="PASS">
          <params>
            <param index="0">
              <value>
                <![CDATA[Chrome]]>
              </value>
            </param>
          </params>
          <reporter-output>
          </reporter-output>
        </test-method> <!-- setUp -->
        <test-method signature="validateimdbReleaseDateTest()[pri:2, instance:com.TestVagrant.Tests.imdbDataTest@49ec71f8]" started-at="2022-07-25T10:24:08 IST" name="validateimdbReleaseDateTest" finished-at="2022-07-25T10:24:08 IST" duration-ms="47" status="PASS">
          <reporter-output>
          </reporter-output>
        </test-method> <!-- validateimdbReleaseDateTest -->
        <test-method is-config="true" signature="tearDown()[pri:0, instance:com.TestVagrant.Tests.imdbDataTest@49ec71f8]" started-at="2022-07-25T10:24:08 IST" name="tearDown" finished-at="2022-07-25T10:24:09 IST" duration-ms="775" status="PASS">
          <reporter-output>
          </reporter-output>
        </test-method> <!-- tearDown -->
        <test-method is-config="true" signature="setUp(java.lang.String)[pri:0, instance:com.TestVagrant.Tests.imdbDataTest@49ec71f8]" started-at="2022-07-25T10:24:09 IST" name="setUp" finished-at="2022-07-25T10:24:23 IST" duration-ms="14294" status="PASS">
          <params>
            <param index="0">
              <value>
                <![CDATA[Chrome]]>
              </value>
            </param>
          </params>
          <reporter-output>
          </reporter-output>
        </test-method> <!-- setUp -->
        <test-method signature="validate_imdb_wiki_country()[pri:3, instance:com.TestVagrant.Tests.imdbDataTest@49ec71f8]" started-at="2022-07-25T10:24:23 IST" name="validate_imdb_wiki_country" finished-at="2022-07-25T10:24:23 IST" duration-ms="2" status="PASS">
          <reporter-output>
          </reporter-output>
        </test-method> <!-- validate_imdb_wiki_country -->
        <test-method is-config="true" signature="tearDown()[pri:0, instance:com.TestVagrant.Tests.imdbDataTest@49ec71f8]" started-at="2022-07-25T10:24:23 IST" name="tearDown" finished-at="2022-07-25T10:24:24 IST" duration-ms="852" status="PASS">
          <reporter-output>
          </reporter-output>
        </test-method> <!-- tearDown -->
        <test-method is-config="true" signature="setUp(java.lang.String)[pri:0, instance:com.TestVagrant.Tests.imdbDataTest@49ec71f8]" started-at="2022-07-25T10:24:24 IST" name="setUp" finished-at="2022-07-25T10:24:33 IST" duration-ms="8400" status="PASS">
          <params>
            <param index="0">
              <value>
                <![CDATA[Chrome]]>
              </value>
            </param>
          </params>
          <reporter-output>
          </reporter-output>
        </test-method> <!-- setUp -->
        <test-method signature="validate_imdb_wiki_releasedate()[pri:4, instance:com.TestVagrant.Tests.imdbDataTest@49ec71f8]" started-at="2022-07-25T10:24:33 IST" name="validate_imdb_wiki_releasedate" finished-at="2022-07-25T10:24:33 IST" duration-ms="2" status="FAIL">
          <exception class="java.lang.AssertionError">
            <message>
              <![CDATA[both release dates are not matching expected [January 7, 2022 (United States)] but found [17 December 2021]]]>
            </message>
            <full-stacktrace>
              <![CDATA[java.lang.AssertionError: both release dates are not matching expected [January 7, 2022 (United States)] but found [17 December 2021]
at org.testng.Assert.fail(Assert.java:99)
at org.testng.Assert.failNotEquals(Assert.java:1037)
at org.testng.Assert.assertEqualsImpl(Assert.java:140)
at org.testng.Assert.assertEquals(Assert.java:122)
at org.testng.Assert.assertEquals(Assert.java:629)
at com.TestVagrant.Tests.imdbDataTest.validate_imdb_wiki_releasedate(imdbDataTest.java:59)
at java.base/jdk.internal.reflect.NativeMethodAccessorImpl.invoke0(Native Method)
at java.base/jdk.internal.reflect.NativeMethodAccessorImpl.invoke(NativeMethodAccessorImpl.java:62)
at java.base/jdk.internal.reflect.DelegatingMethodAccessorImpl.invoke(DelegatingMethodAccessorImpl.java:43)
at java.base/java.lang.reflect.Method.invoke(Method.java:564)
at org.testng.internal.MethodInvocationHelper.invokeMethod(MethodInvocationHelper.java:133)
at org.testng.internal.TestInvoker.invokeMethod(TestInvoker.java:598)
at org.testng.internal.TestInvoker.invokeTestMethod(TestInvoker.java:173)
at org.testng.internal.MethodRunner.runInSequence(MethodRunner.java:46)
at org.testng.internal.TestInvoker$MethodInvocationAgent.invoke(TestInvoker.java:824)
at org.testng.internal.TestInvoker.invokeTestMethods(TestInvoker.java:146)
at org.testng.internal.TestMethodWorker.invokeTestMethods(TestMethodWorker.java:146)
at org.testng.internal.TestMethodWorker.run(TestMethodWorker.java:128)
at java.base/java.util.ArrayList.forEach(ArrayList.java:1511)
at org.testng.TestRunner.privateRun(TestRunner.java:794)
at org.testng.TestRunner.run(TestRunner.java:596)
at org.testng.SuiteRunner.runTest(SuiteRunner.java:377)
at org.testng.SuiteRunner.runSequentially(SuiteRunner.java:371)
at org.testng.SuiteRunner.privateRun(SuiteRunner.java:332)
at org.testng.SuiteRunner.run(SuiteRunner.java:276)
at org.testng.SuiteRunnerWorker.runSuite(SuiteRunnerWorker.java:53)
at org.testng.SuiteRunnerWorker.run(SuiteRunnerWorker.java:96)
at org.testng.TestNG.runSuitesSequentially(TestNG.java:1212)
at org.testng.TestNG.runSuitesLocally(TestNG.java:1134)
at org.testng.TestNG.runSuites(TestNG.java:1063)
at org.testng.TestNG.run(TestNG.java:1031)
at org.testng.remote.AbstractRemoteTestNG.run(AbstractRemoteTestNG.java:115)
at org.testng.remote.RemoteTestNG.initAndRun(RemoteTestNG.java:251)
at org.testng.remote.RemoteTestNG.main(RemoteTestNG.java:77)
]]>
            </full-stacktrace>
          </exception> <!-- java.lang.AssertionError -->
          <reporter-output>
          </reporter-output>
        </test-method> <!-- validate_imdb_wiki_releasedate -->
        <test-method is-config="true" signature="tearDown()[pri:0, instance:com.TestVagrant.Tests.imdbDataTest@49ec71f8]" started-at="2022-07-25T10:24:33 IST" name="tearDown" finished-at="2022-07-25T10:24:34 IST" duration-ms="1095" status="PASS">
          <reporter-output>
          </reporter-output>
        </test-method> <!-- tearDown -->
      </class> <!-- com.TestVagrant.Tests.imdbDataTest -->
    </test> <!-- Test -->
  </suite> <!-- Suite -->
</testng-results>
